<?xml version="1.0" encoding="UTF-8"?>
<testng-results ignored="0" total="1" passed="1" failed="0" skipped="0">
  <reporter-output>
  </reporter-output>
  <suite started-at="2024-03-12T13:12:24 IST" name="Surefire suite" finished-at="2024-03-12T13:12:52 IST" duration-ms="27864">
    <groups>
      <group name="cucumber">
        <method signature="AbstractTestNGCucumberTests.runScenario(io.cucumber.testng.PickleWrapper,io.cucumber.testng.FeatureWrapper)[pri:0, instance:Runner.testing_login@2145433b]" name="runScenario" class="io.cucumber.testng.AbstractTestNGCucumberTests"/>
      </group> <!-- cucumber -->
    </groups>
    <test started-at="2024-03-12T13:12:24 IST" name="Surefire test" finished-at="2024-03-12T13:12:52 IST" duration-ms="27864">
      <class name="Runner.testing_login">
        <test-method is-config="true" signature="setUpClass(org.testng.ITestContext)[pri:0, instance:Runner.testing_login@2145433b]" started-at="2024-03-12T13:12:24 IST" name="setUpClass" finished-at="2024-03-12T13:12:26 IST" duration-ms="1376" status="PASS">
          <params>
            <param index="0">
              <value>
                <![CDATA[org.testng.TestRunner@4c5204af]]>
              </value>
            </param>
          </params>
          <reporter-output>
          </reporter-output>
        </test-method> <!-- setUpClass -->
        <test-method signature="runScenario(io.cucumber.testng.PickleWrapper,io.cucumber.testng.FeatureWrapper)[pri:0, instance:Runner.testing_login@2145433b]" started-at="2024-03-12T13:12:26 IST" name="runScenario" description="Runs Cucumber Scenarios" data-provider="scenarios" finished-at="2024-03-12T13:12:52 IST" duration-ms="26270" status="PASS">
          <params>
            <param index="0">
              <value>
                <![CDATA["To validate simple form and all textboxes present"]]>
              </value>
            </param>
            <param index="1">
              <value>
                <![CDATA["Optional[login feature]"]]>
              </value>
            </param>
          </params>
          <reporter-output>
          </reporter-output>
        </test-method> <!-- runScenario -->
        <test-method is-config="true" signature="tearDownClass()[pri:0, instance:Runner.testing_login@2145433b]" started-at="2024-03-12T13:12:52 IST" name="tearDownClass" finished-at="2024-03-12T13:12:52 IST" duration-ms="48" status="PASS">
          <reporter-output>
          </reporter-output>
        </test-method> <!-- tearDownClass -->
      </class> <!-- Runner.testing_login -->
    </test> <!-- Surefire test -->
  </suite> <!-- Surefire suite -->
</testng-results>
